Ganache CLI v6.1.4 (ganache-core: 2.1.3)
Error: listen EADDRINUSE 127.0.0.1:8545
    at Server.setupListenHandle [as _listen2] (net.js:1327:14)
    at listenInCluster (net.js:1375:12)
    at doListen (net.js:1501:7)
    at process._tickCallback (internal/process/next_tick.js:63:19)
    at Function.Module.runMain (internal/modules/cjs/loader.js:746:11)
    at startup (internal/bootstrap/node.js:238:19)
    at bootstrapNodeJSCore (internal/bootstrap/node.js:572:3)
Ganache CLI v6.1.4 (ganache-core: 2.1.3)

Available Accounts
==================
(0) 0x645544410c52d5f1edb44b5bf59334c27099408e
(1) 0x4b7453f34dce1d601cded3ca5084aaa952148381
(2) 0x7ff8f33e4f327e7eeb69440cf841556d18015364
(3) 0xb9c20c4c4ddceeb9aa5fb6aa1612b7e45fecdeaa
(4) 0x95cd10525fe5178c1fa247650f79826a3d277432
(5) 0x73b969fefc56eca0d5e71c691edaacd899b73478
(6) 0xe7bda34b1d4549eb612ef81e295233e6322a500b
(7) 0x63ed05bf8f996eb43e2193a81d8117dccd51ebde
(8) 0xb832f783a336262f6d3c469ede7c35766a51c772
(9) 0xeead7980fe32c6ad184a35b6635ebd0196d746ba

Private Keys
==================
(0) 6a266f50fcb8b30a35b3c02f64a11693e98456c50d6bceffe1f1b6fc80857d2d
(1) d0dc28f3c27e072ee94c2fd17d6ac16f77efd1c2e64c8327f064cb3d3b871793
(2) 2e35186739524886ecacbaff44e3db446546779957e0750bc7bbb47559b1e25e
(3) 7ff96cb7431691c04d220416db454597c63db5ef5e6c722f83d08bbe586760de
(4) 58df75c3306170b9152b7eee7ec3218e73499c9cd5672722982fa84368e23196
(5) d1078eab8009ce2b93f098b02c7cc04cb6da3fbf6a5c485534fccad7338a180b
(6) 9455abf7fb78b1ff61f25c68c4d8afc29600eb0d33d98373f8a4f10096e3290d
(7) 3074bc0f7509659b118a93f6f45759e41652dfb9c2d26c76757e4cd083b85c70
(8) 874228929e495cf9c0d410f0801a6a616ee1c356ab5806594bd307b9aa2ec57f
(9) 6c1ab49474f79d687e6daa0060fcb86611d497d00e60664a686c7ab8f2e2140b

HD Wallet
==================
Mnemonic:      noodle salute drill emerge witness vendor abstract school neither rather property unusual
Base HD Path:  m/44'/60'/0'/0/{account_index}

Gas Price
==================
20000000000

Gas Limit
==================
6721975

Listening on 127.0.0.1:8545
net_version
eth_accounts
eth_accounts
net_version
net_version
eth_sendTransaction

  Transaction: 0xc974d369efd7b7456863ae37cf7f4ffbfeac8c2e939183b5a01d0bffc840c407
  Contract created: 0x7aac566b4e2ab0485d76c42faad54a6fabd680ac
  Gas usage: 277398
  Block Number: 1
  Block Time: Sat Jul 07 2018 22:39:49 GMT+0800 (China Standard Time)

eth_newBlockFilter
eth_getFilterChanges
eth_getTransactionReceipt
eth_getCode
eth_uninstallFilter
eth_sendTransaction

  Transaction: 0x8ba69bef9c54e9e75e5b3486475812370016bd92973044117d51dd6362366643
  Gas usage: 42008
  Block Number: 2
  Block Time: Sat Jul 07 2018 22:39:50 GMT+0800 (China Standard Time)

eth_getTransactionReceipt
eth_accounts
net_version
net_version
eth_sendTransaction

  Transaction: 0xceae12900340196580a87a9467228f2a776cff6b215e416130662165c884819e
  Contract created: 0xc41346820266ef6200ff906146600d8f72cb2dec
  Gas usage: 252079
  Block Number: 3
  Block Time: Sat Jul 07 2018 22:39:50 GMT+0800 (China Standard Time)

eth_newBlockFilter
eth_getFilterChanges
eth_getTransactionReceipt
eth_getCode
eth_uninstallFilter
net_version
net_version
eth_sendTransaction

  Transaction: 0x63bfc61d18b219960e34bfed2981c1f7afeb5b379bd3dec66345d4d1d5dc359e
  Contract created: 0x4d0fdb9c6e7bc7eae976b90f40ca2f57c93eb227
  Gas usage: 74748
  Block Number: 4
  Block Time: Sat Jul 07 2018 22:39:50 GMT+0800 (China Standard Time)

eth_newBlockFilter
eth_getFilterChanges
eth_getTransactionReceipt
eth_getCode
eth_uninstallFilter
net_version
net_version
eth_sendTransaction

  Transaction: 0xd819cda9f8514f9301791f721a828e4e1946290a7b93d3c5e14e1b68656e83e4
  Contract created: 0x4fd525fbd6d8ff1b8a7f2bfea97cf929c82a5860
  Gas usage: 1700904
  Block Number: 5
  Block Time: Sat Jul 07 2018 22:39:50 GMT+0800 (China Standard Time)

eth_newBlockFilter
eth_getFilterChanges
eth_getTransactionReceipt
eth_getCode
eth_uninstallFilter
eth_sendTransaction

  Transaction: 0xa0ff978b518e3d26761f013c1f8f50829c3985231eb4a877768fce1bbd8dd554
  Gas usage: 27008
  Block Number: 6
  Block Time: Sat Jul 07 2018 22:39:50 GMT+0800 (China Standard Time)

eth_getTransactionReceipt
Ganache CLI v6.1.4 (ganache-core: 2.1.3)

Available Accounts
==================
(0) 0xd50a5fce5818056c4aca05af90806ff364f7172a
(1) 0xcbd23e3b4526eb0511b89de486286b8242fd323d
(2) 0x8a39d67a4a565d56ae0f350743e249c21404c0dc
(3) 0xe988bc0f25454074853c48b33b3399af35245587
(4) 0x1884f3552446be0d47910b7003d8227a1542c15c
(5) 0xe6fc103ec8dd712e27fc61de755abb856b6c6aa9
(6) 0x464bc18e9cbccc6fcbb4b8a7fad4fadc938218d8
(7) 0xc3d99d370de7f2922df1dfa4150f79072d31c1ee
(8) 0xc6d1691e529a949fe14347dca6cba0e5c007c68a
(9) 0xdd923096ee6554d006017e8bcfc4a21b0d36d70d

Private Keys
==================
(0) 126ab7578f6dd2fc2eb177b1b448642d83fd9b594dfb443792bb09b6c0fd1e71
(1) ed9a79e112a68f24a868e7f107efb29defbe525615a8b519e23639f92a3b4a70
(2) 48e0c1a4a95c6f85f5a33e41d1e5ae94ef315adead896b39897359c257502744
(3) 679d865ec5cb85c5acf6b90dedfeaf9cab0a7f4a1777b45e9208a158e967cdea
(4) 90b900a7a519bb3d926696346e5b8a7d16376000165171e8be37b6247e681345
(5) b814106baff38cfdc7290f20245a189a744d4e754afff24c8fd831d6df70fbb0
(6) c912ebf7d22195cbf7b51c639c95b4b730baec4c339ef9cffda7ab51610dd92d
(7) 2e14aac86672488ece346290d9a00f96b16184c10bd1d42998682919ce6975bf
(8) 98ba38d258796070a513cd21cf6b0d17857d76dc64adf29e4d05a0d92438821a
(9) da844cc1852166040b5c32ecb7d78f91a1286b4cfe59e6a17654533d87870b1a

HD Wallet
==================
Mnemonic:      dutch thank supply flash leisure connect rose gap spot furnace reward afford
Base HD Path:  m/44'/60'/0'/0/{account_index}

Gas Price
==================
20000000000

Gas Limit
==================
6721975

Listening on 10.154.45.27:8545
eth_accounts
eth_accounts
net_version
Ganache CLI v6.1.4 (ganache-core: 2.1.3)

Available Accounts
==================
(0) 0x42b7e3a2b5d3285be878262e70211bbc0b6be5ca
(1) 0x2826b7bd2d30ff0ff1b144467af06dd2a0a8b625
(2) 0xb380a641698e7636b99d5e9ff24bd06e62c3c0a5
(3) 0x15d50c8d93c28d94cd786bac92325b45822c53dd
(4) 0x81fdec5e20bf962faebb8f405f2e06d5c6d19a7e
(5) 0x456d0f301a3d99c12f4c650faa9bbf05f6244b77
(6) 0xaaa94d5fc68c4c9e65534dc9333288d8d5b418b5
(7) 0x9c5dd7c0216c93803a31d7792102bea7ee2000e0
(8) 0xebff0de203665cbc8fc6d22bcea9cba1bc173053
(9) 0x3b6e4f53f514b2d78c27eb042a31969bfdb2631d

Private Keys
==================
(0) 229c0ae8ba85bed350753d97ec43ec9c67750266b8bb0f2107ed3fd4ee401c87
(1) 7828015f9fc3b4a808668d2df0dd2651d6716e9772065b4bbfb83fbbbc7caeb9
(2) 9b7d2f8c2bde3ca24fec95492a6cfc32c52107898fb670132c16e2247dfeed0d
(3) 14f83fa6cbf4ff08a436b40c066bfa39790dff8f7cd0a7f059c988a682a7fcc4
(4) 164c8fe5f9d625277ab9686517f8bc0f899b52af0d003e47de946e875cc5aea2
(5) b90497d1039c345223735899185c150820cbc96a20c4a29d7d81e8eb7f2a2060
(6) 254140846bb774d5c4b8f45f3598937dbbabc0c6ab6ee90f61e863ec871d0101
(7) 4317a69584a62474925f6511762b9915785f45328b9d32c9eaf5dffdaca0de24
(8) e81505e1a6e79a810448f50af3cdcf4e8e59a4cca1f03f078ed5fdb3a8a877b9
(9) 8bb74ee1c24dc3b5a73c4786c6540437fef5b7aa0f2afcb2a88df489e730924f

HD Wallet
==================
Mnemonic:      scheme skate hair unaware unable dizzy much enact erupt embody attitude memory
Base HD Path:  m/44'/60'/0'/0/{account_index}

Gas Price
==================
20000000000

Gas Limit
==================
6721975

Listening on 10.154.45.27:8545
net_version
eth_accounts
eth_accounts
net_version
net_version
eth_sendTransaction

  Transaction: 0xc974d369efd7b7456863ae37cf7f4ffbfeac8c2e939183b5a01d0bffc840c407
  Contract created: 0x9c6edf91d8faf633a35b53e5cfdcb7b7ac4ebcf1
  Gas usage: 277398
  Block Number: 1
  Block Time: Tue Jul 10 2018 20:45:53 GMT+0800 (China Standard Time)

eth_newBlockFilter
eth_getFilterChanges
eth_getTransactionReceipt
eth_getCode
eth_uninstallFilter
eth_sendTransaction

  Transaction: 0x974a6d46f0e79530287bfd3bc8cfea84f090b3c092c56e2fe97ae3ecf12641ee
  Gas usage: 42008
  Block Number: 2
  Block Time: Tue Jul 10 2018 20:45:54 GMT+0800 (China Standard Time)

eth_getTransactionReceipt
eth_accounts
net_version
net_version
eth_sendTransaction

  Transaction: 0xceae12900340196580a87a9467228f2a776cff6b215e416130662165c884819e
  Contract created: 0x5fec8e114eff02481602905a32d8659c2d19206e
  Gas usage: 252079
  Block Number: 3
  Block Time: Tue Jul 10 2018 20:45:54 GMT+0800 (China Standard Time)

eth_newBlockFilter
eth_getFilterChanges
eth_getTransactionReceipt
eth_getCode
eth_uninstallFilter
net_version
net_version
eth_sendTransaction

  Transaction: 0x63bfc61d18b219960e34bfed2981c1f7afeb5b379bd3dec66345d4d1d5dc359e
  Contract created: 0x3f31c6cf9a179938a1abea7ad75b4907ee9e585e
  Gas usage: 74748
  Block Number: 4
  Block Time: Tue Jul 10 2018 20:45:54 GMT+0800 (China Standard Time)

eth_newBlockFilter
eth_getFilterChanges
eth_getTransactionReceipt
eth_getCode
eth_uninstallFilter
net_version
net_version
eth_sendTransaction

  Transaction: 0xd819cda9f8514f9301791f721a828e4e1946290a7b93d3c5e14e1b68656e83e4
  Contract created: 0xc0c756859189e0ec5810995190a7a78d6f56f350
  Gas usage: 1700904
  Block Number: 5
  Block Time: Tue Jul 10 2018 20:45:54 GMT+0800 (China Standard Time)

eth_newBlockFilter
eth_getFilterChanges
eth_getTransactionReceipt
eth_getCode
eth_uninstallFilter
eth_sendTransaction

  Transaction: 0x40fb3e7dce6bb5b4b8b3daa247e5b462d0e2a01ca43e2e2d6bd2d68bfbdb4837
  Gas usage: 27008
  Block Number: 6
  Block Time: Tue Jul 10 2018 20:45:54 GMT+0800 (China Standard Time)

eth_getTransactionReceipt
eth_accounts
net_version
eth_call
eth_call
Ganache CLI v6.1.4 (ganache-core: 2.1.3)

Available Accounts
==================
(0) 0x4121f1ef583b635d8536528af6b8b029d9ee3a63
(1) 0x7f65e9354065eac6d38b05e89651ecc9ea60e3f0
(2) 0xc8ee51f756609ffaaeefc119fe490b8766bf569e
(3) 0x2925c34e39d2bb25574d6510b39f7dabf1c17c9d
(4) 0xd1f609ed2278ee3e8a6dd654ec0ecb999e2e492f
(5) 0x852e1f4339ab529ca351cbd740f953a2c61d3be5
(6) 0xd8964656da99120092e04f52aad940ca42ff895c
(7) 0x49070e07520a7edde428e220d948440a4d72ca92
(8) 0x0ea159d9e88563c118bfd9c8d25455c0c0402f6a
(9) 0x6a4ece42966a7135dabe6a36082b48351c141254

Private Keys
==================
(0) cd2d9942d82eae97136e6b33afe5a98cf690935bc4ed1a20df99d0ba5b12aa91
(1) dc9886e96ff7c3ec51b418fa50f6e2c669d433aca6645e52f99741cffd5027ed
(2) 0160ec536958eab3e262fa5b70cf8365b1d3fb0833375c1f3d4de232e3c1bb4f
(3) 029f940e00e7a6345c4d3c63a09b8c6286c8d1f4a88cc285cdf84c0b66b69e4c
(4) fe59ed7765e88b3f05cd85ceff1d042ba22332d6c85884cd678342fedad82d07
(5) d6b239f54d294a5ec17a4ba5b8cad8a502fc23267c01d69f54ba007f3afa01c1
(6) 8bde472671ebae6ef8e66a0b1a0756f4c20d7284116d078d130da214ae9b4811
(7) 2b18adcc32c1e1f95197d990dab7e4b9cc4d6d753a06fb0557ad462d95f26d92
(8) ea15164e4e783d14051f8a66e17e5bdbde84ceeddb82eb377a09579d4a544ff2
(9) ba893841232b70d7cb9af4fe1344d7ee6123671acbf7d858f0ecaef06e38d680

HD Wallet
==================
Mnemonic:      miss defense army visit produce source buddy grid mad kitchen image undo
Base HD Path:  m/44'/60'/0'/0/{account_index}

Gas Price
==================
20000000000

Gas Limit
==================
6721975

Listening on 10.154.45.27:8545
net_version
eth_accounts
eth_accounts
net_version
net_version
eth_sendTransaction

  Transaction: 0x7e9df65c69c38dc7d35ace2a0c961496334fac87a152f705be2daad2e90767a3
  Contract created: 0x29126f070e2ec158a34dab6d4b890752d9bdd570
  Gas usage: 277462
  Block Number: 1
  Block Time: Tue Jul 10 2018 21:42:50 GMT+0800 (China Standard Time)

eth_newBlockFilter
eth_getFilterChanges
eth_getTransactionReceipt
eth_getCode
eth_uninstallFilter
eth_sendTransaction

  Transaction: 0xa93f33eeb6ec5f0d41ae44b927eef8bf326db6a6a348795fb51f11e398785efe
  Gas usage: 42008
  Block Number: 2
  Block Time: Tue Jul 10 2018 21:42:50 GMT+0800 (China Standard Time)

eth_getTransactionReceipt
eth_accounts
net_version
net_version
eth_sendTransaction

  Transaction: 0x5dcd1fd88349c0ca953e2208e5ae2f90440d11a543a6abd8c375fca7db35a943
  Contract created: 0x76f88f58c1778c3bb77119ceb62fd342f562194c
  Gas usage: 252079
  Block Number: 3
  Block Time: Tue Jul 10 2018 21:42:51 GMT+0800 (China Standard Time)

eth_newBlockFilter
eth_getFilterChanges
eth_getTransactionReceipt
eth_getCode
eth_uninstallFilter
net_version
net_version
eth_sendTransaction

  Transaction: 0x4aa5917f6851c67a725a462583d13fce14b23f0227f3f56fa93b7f1536c0eede
  Contract created: 0x1095f78f593c85a94d7cfb098ced327178db5e22
  Gas usage: 74748
  Block Number: 4
  Block Time: Tue Jul 10 2018 21:42:51 GMT+0800 (China Standard Time)

eth_newBlockFilter
eth_getFilterChanges
eth_getTransactionReceipt
eth_getCode
eth_uninstallFilter
net_version
net_version
eth_sendTransaction

  Transaction: 0x8a778b9597f8d18c198f06878c4630ae9fbbb963228dcbf2533ee7a692095cd0
  Contract created: 0x78bbd48752da8afa36f9c84a68455f719d96f0b2
  Gas usage: 1736905
  Block Number: 5
  Block Time: Tue Jul 10 2018 21:42:51 GMT+0800 (China Standard Time)

eth_newBlockFilter
eth_getFilterChanges
eth_getTransactionReceipt
eth_getCode
eth_uninstallFilter
eth_sendTransaction

  Transaction: 0x73b4da5556b7a7b11601362ff23a51ec34557d076ac18024ee343ccce02bec0e
  Gas usage: 27008
  Block Number: 6
  Block Time: Tue Jul 10 2018 21:42:51 GMT+0800 (China Standard Time)

eth_getTransactionReceipt
eth_accounts
net_version
eth_call
eth_call
eth_call
eth_call
eth_call
eth_call
eth_call
eth_call
eth_call
eth_call
eth_call
eth_call
eth_call
eth_call
net_version
eth_accounts
eth_accounts
eth_call
eth_call
eth_accounts
net_version
eth_call
eth_call
eth_call
eth_accounts
net_version
eth_call
eth_call
eth_getBlockByNumber
eth_accounts
web3_clientVersion
eth_getBlockByNumber
eth_accounts
net_version
eth_accounts
net_version
eth_accounts
net_version
eth_call
eth_call
eth_sendTransaction

  Transaction: 0xc4ba07f132a3dc1de58f2c111733fa324582a1047ec617a8b93d0df478a45d2a
  Gas usage: 23430
  Block Number: 7
  Block Time: Tue Jul 10 2018 22:43:22 GMT+0800 (China Standard Time)

eth_getTransactionReceipt
eth_sendTransaction

  Transaction: 0x6ae085d36b05265e79af6470e50633939b13eda91c05daed096486b71f2a8b3e
  Gas usage: 23430
  Block Number: 8
  Block Time: Tue Jul 10 2018 22:43:32 GMT+0800 (China Standard Time)

eth_getTransactionReceipt
eth_sendTransaction

  Transaction: 0xb9aeb1ceeb2b632ae76740c4c514f985d0a4945ab3f3a6ff890421e7cfe5794d
  Gas usage: 23430
  Block Number: 9
  Block Time: Tue Jul 10 2018 22:43:33 GMT+0800 (China Standard Time)

eth_getTransactionReceipt
eth_call
eth_call
eth_call
eth_call
eth_call
eth_call
eth_call
eth_call
eth_call
eth_call
eth_call
eth_accounts
net_version
eth_call
eth_call
eth_call
eth_call
eth_call
eth_call
eth_call
eth_accounts
net_version
eth_call
eth_call
eth_call
eth_accounts
net_version
eth_call
eth_call
eth_call
eth_accounts
eth_accounts
net_version
eth_call
eth_call
eth_call
eth_sendTransaction

  Transaction: 0x373e5c7a1966d9be5ee2006da3729e50f0d5ad9dc8e9b02efb25914bd4d3f5b1
  Gas usage: 152662
  Block Number: 10
  Block Time: Tue Jul 10 2018 23:21:53 GMT+0800 (China Standard Time)

eth_getTransactionReceipt
eth_call
eth_call
eth_call
eth_call
eth_getBlockByNumber
eth_accounts
net_version
eth_accounts
net_version
eth_accounts
net_version
eth_getBlockByNumber
eth_accounts
net_version
eth_accounts
net_version
eth_accounts
net_version
eth_getBlockByNumber
eth_blockNumber
eth_getBlockByNumber
eth_accounts
web3_clientVersion
eth_getBlockByNumber
eth_accounts
net_version
eth_accounts
net_version
eth_accounts
net_version
eth_getBlockByNumber
eth_accounts
web3_clientVersion
eth_getBlockByNumber
eth_accounts
net_version
eth_accounts
net_version
eth_accounts
net_version
eth_accounts
net_version
eth_call
eth_call
Ganache CLI v6.1.4 (ganache-core: 2.1.3)

Available Accounts
==================
(0) 0xdc33f04345553d2272230a2708926f02593f6d84
(1) 0x7460db713b38b91c379f49fe7ee7ede42601f78c
(2) 0x53f636824c01b107cd20aaf2cc0ef6cf7f33aca7
(3) 0x7bed4354aa53ee48292dfd11be3fe56547fc1b18
(4) 0xdd765f2af2056ef075ebe864af58d1f82e3ef143
(5) 0x45d1ddc2ebfbd7a778ac13c65033e9890b6b62d1
(6) 0x02d5b7afd2b64c45fbaf1f48a502b87a2123512d
(7) 0xc6d466089fc20c79d0038c4dd2739db4bc4f13db
(8) 0x9db9a2e5b5d5f818b99e495c083c912422c4803c
(9) 0x4145cc97322b74807886c0305b8715ce0cc16b08

Private Keys
==================
(0) 9506df69827b774de6a0de1cae55e7ddcce0fcc0b310a275c1f1aa863ee9e299
(1) b756b00b9756dbeded256a06a06bb06fc5294ea6cb2696ddae08df11a8011a2f
(2) 697e686a31424baecadc7aa284c2c9cde15b80c536960723424836cdb2163718
(3) 7ce1fe1fcc100f8a4fe866c7d61a071569c2682b801c475452dbb383ee37b3c8
(4) aa080728af53bb80f1fb240846b04e19b6ac6d432a0b9ca13ddf5bb33cc5adc0
(5) b70486e46cd4255de206e328b3c564cd251b7e04e7fcf34390b0995117ea7121
(6) b30d042850565e507c62674d69b37f96fc14c4d096b001e11ff952134037f980
(7) aea281cced58a1dc4b8e924780ac3d5b23344d0590d4c2fcdcb13c58cba18e3c
(8) 01010ddac196f6c96870d10ac603d25f03f7090722870e6568b6ae218f83c64f
(9) 98384ce1ac6a6334be781dc8a3193d6ed22a44397ff3180eb8b01fb4e0e4cbf9

HD Wallet
==================
Mnemonic:      faith baby shaft reveal rose fancy dial kid spike satoshi happy summer
Base HD Path:  m/44'/60'/0'/0/{account_index}

Gas Price
==================
20000000000

Gas Limit
==================
6721975

Listening on 10.154.45.27:8545
net_version
eth_accounts
eth_accounts
net_version
net_version
eth_sendTransaction

  Transaction: 0x7e9df65c69c38dc7d35ace2a0c961496334fac87a152f705be2daad2e90767a3
  Contract created: 0xf81b8e579bbfbc565ecfb1eba8e836d9e011ab6d
  Gas usage: 277462
  Block Number: 1
  Block Time: Wed Jul 11 2018 01:21:28 GMT+0800 (China Standard Time)

eth_newBlockFilter
eth_getFilterChanges
eth_getTransactionReceipt
eth_getCode
eth_uninstallFilter
eth_sendTransaction

  Transaction: 0xfadd47c932aacff17bd73039ce162d638e9ff678aba85bd155c08a1688d712c8
  Gas usage: 42008
  Block Number: 2
  Block Time: Wed Jul 11 2018 01:21:28 GMT+0800 (China Standard Time)

eth_getTransactionReceipt
eth_accounts
net_version
net_version
eth_sendTransaction

  Transaction: 0x5dcd1fd88349c0ca953e2208e5ae2f90440d11a543a6abd8c375fca7db35a943
  Contract created: 0x258a90e67ba275732fabfbea87f061eaae3170fb
  Gas usage: 252079
  Block Number: 3
  Block Time: Wed Jul 11 2018 01:21:28 GMT+0800 (China Standard Time)

eth_newBlockFilter
eth_getFilterChanges
eth_getTransactionReceipt
eth_getCode
eth_uninstallFilter
net_version
net_version
eth_sendTransaction

  Transaction: 0x4aa5917f6851c67a725a462583d13fce14b23f0227f3f56fa93b7f1536c0eede
  Contract created: 0xa3408e13bb8c457245aae9f346c27cadefc3c078
  Gas usage: 74748
  Block Number: 4
  Block Time: Wed Jul 11 2018 01:21:28 GMT+0800 (China Standard Time)

eth_newBlockFilter
eth_getFilterChanges
eth_getTransactionReceipt
eth_getCode
eth_uninstallFilter
net_version
net_version
eth_sendTransaction

  Transaction: 0x8a778b9597f8d18c198f06878c4630ae9fbbb963228dcbf2533ee7a692095cd0
  Contract created: 0x5bc6b5b2b6dbfd0db8d6bf5403f1fe981d095b1c
  Gas usage: 1736905
  Block Number: 5
  Block Time: Wed Jul 11 2018 01:21:28 GMT+0800 (China Standard Time)

eth_newBlockFilter
eth_getFilterChanges
eth_getTransactionReceipt
eth_getCode
eth_uninstallFilter
eth_sendTransaction

  Transaction: 0x0c2e95c4e839f03eca8a7cb26266327138c552871df4a2cd02dc8b112199c092
  Gas usage: 27008
  Block Number: 6
  Block Time: Wed Jul 11 2018 01:21:28 GMT+0800 (China Standard Time)

eth_getTransactionReceipt
eth_accounts
net_version
eth_call
eth_call
net_version
eth_accounts
eth_call
eth_accounts
net_version
eth_call
eth_call
net_version
eth_accounts
eth_call
eth_accounts
net_version
eth_call
eth_call
eth_call
eth_sendTransaction

  Transaction: 0xe31bc8bd2e47976da58ea157da56db0043af495416157bbfa90e9554f7b430d3
  Gas usage: 152662
  Block Number: 7
  Block Time: Wed Jul 11 2018 01:23:49 GMT+0800 (China Standard Time)

eth_getTransactionReceipt
eth_call
eth_call
eth_call
eth_accounts
net_version
eth_call
eth_call
eth_call
eth_call
eth_sendTransaction

  Transaction: 0x5dee24ee76984f15a27642f49335b2f5ddd53161362c72946e7f3b97fd5da232
  Gas usage: 1000000
  Block Number: 8
  Block Time: Wed Jul 11 2018 01:38:27 GMT+0800 (China Standard Time)
  Runtime Error: invalid opcode

net_version
eth_accounts
eth_call
eth_getBlockByNumber
eth_accounts
net_version
eth_accounts
net_version
eth_accounts
net_version
net_version
eth_accounts
eth_accounts
eth_sendTransaction

  Transaction: 0x6c02dd9200e90d434cfe195ef46842cecfabbce1e5cbfc1425044e168bf68055
  Contract created: 0x9071f924d4c44b44d41aeb74bab0d0dcd6433856
  Gas usage: 277462
  Block Number: 9
  Block Time: Wed Jul 11 2018 01:39:08 GMT+0800 (China Standard Time)

eth_newBlockFilter
eth_getFilterChanges
eth_getTransactionReceipt
eth_getCode
eth_uninstallFilter
eth_sendTransaction

  Transaction: 0x8b0f99c12e4b5e20fbbd09baa22f02ee7bcaff59d5d87f6668fb143eae5e4270
  Gas usage: 42008
  Block Number: 10
  Block Time: Wed Jul 11 2018 01:39:08 GMT+0800 (China Standard Time)

eth_getTransactionReceipt
eth_accounts
eth_sendTransaction

  Transaction: 0x5525873ba583b9b1b61b0a43cdcfbb48e5e1eb7a57d8476a7e3fbbd84c1c444f
  Contract created: 0xca1b1e19e20af509872ae74da103349848927751
  Gas usage: 252079
  Block Number: 11
  Block Time: Wed Jul 11 2018 01:39:08 GMT+0800 (China Standard Time)

eth_newBlockFilter
eth_getFilterChanges
eth_getTransactionReceipt
eth_getCode
eth_uninstallFilter
eth_sendTransaction

  Transaction: 0xa9bc08d5467e35f32d9ee9000a4ec7b0b6c4404737895b3c925838d50ee47b77
  Contract created: 0x95e01825b100c763467c9fb15f640a5da166270c
  Gas usage: 74748
  Block Number: 12
  Block Time: Wed Jul 11 2018 01:39:08 GMT+0800 (China Standard Time)

eth_newBlockFilter
eth_getFilterChanges
eth_getTransactionReceipt
eth_getCode
eth_uninstallFilter
eth_sendTransaction

  Transaction: 0x0983ac997613f9519baba349b131d9383a7570bd0cc6623b72cb70d67030214e
  Contract created: 0x790375b9359691fb090a4a7c7d9b1611be7176fd
  Gas usage: 1813242
  Block Number: 13
  Block Time: Wed Jul 11 2018 01:39:08 GMT+0800 (China Standard Time)

eth_newBlockFilter
eth_getFilterChanges
eth_getTransactionReceipt
eth_getCode
eth_uninstallFilter
eth_sendTransaction

  Transaction: 0x57a7a61232dd5bf702c4c8815b8150e9bff1873f2fb1c59c0e29cdb96d86cc8d
  Gas usage: 27008
  Block Number: 14
  Block Time: Wed Jul 11 2018 01:39:08 GMT+0800 (China Standard Time)

eth_getTransactionReceipt
eth_accounts
net_version
eth_call
eth_call
eth_call
eth_sendTransaction

  Transaction: 0x6e13ecd4eff75cf360f9978f05097a1a877f850a9d241dba7daf4140d59a80fb
  Gas usage: 152684
  Block Number: 15
  Block Time: Wed Jul 11 2018 01:39:38 GMT+0800 (China Standard Time)

eth_getTransactionReceipt
eth_call
eth_call
eth_call
eth_accounts
net_version
eth_call
eth_call
eth_sendTransaction

  Transaction: 0xfd1da8788a0cc07a63c1bbd65a8c492f12f47897f7202033bd5233d67ae242a7
  Gas usage: 23452
  Block Number: 16
  Block Time: Wed Jul 11 2018 01:40:32 GMT+0800 (China Standard Time)

eth_getTransactionReceipt
eth_call
eth_call
eth_accounts
net_version
eth_call
eth_call
eth_call
eth_call
net_version
eth_accounts
eth_accounts
eth_sendTransaction

  Transaction: 0xfd51e5e12520bbb7da8dfa90bebcc04fdf4ccf50ddc4561f65e9a13ba303fc46
  Gas usage: 122684
  Block Number: 17
  Block Time: Wed Jul 11 2018 02:07:21 GMT+0800 (China Standard Time)

eth_getTransactionReceipt
eth_accounts
net_version
eth_call
eth_call
eth_call
eth_call
eth_call
eth_sendTransaction

  Transaction: 0x006a5fd788ab3f33ad96b1bcd6ff62922ab5f8050ddabe4674822aadd653373b
  Gas usage: 57575
  Block Number: 18
  Block Time: Wed Jul 11 2018 02:09:52 GMT+0800 (China Standard Time)
  Runtime Error: revert

eth_accounts
net_version
eth_call
eth_call
eth_call
eth_call
eth_call
eth_call
eth_sendTransaction

  Transaction: 0x09e9490428074ed785baa3ec515f337ccf1d95b0d556356e5316e3acae9b2a7a
  Gas usage: 23452
  Block Number: 19
  Block Time: Wed Jul 11 2018 02:10:58 GMT+0800 (China Standard Time)

eth_getTransactionReceipt
eth_accounts
net_version
eth_call
eth_call
eth_sendTransaction

  Transaction: 0x57d6df7048ecc265acb4703e3dc16628f8d8379f02b5dbca171c46a5fb148aea
  Gas usage: 23452
  Block Number: 20
  Block Time: Wed Jul 11 2018 02:17:00 GMT+0800 (China Standard Time)

eth_getTransactionReceipt
eth_accounts
net_version
eth_call
eth_call
eth_getBlockByNumber
eth_accounts
web3_clientVersion
eth_getBlockByNumber
eth_accounts
net_version
eth_accounts
net_version
eth_accounts
net_version
eth_getBlockByNumber
eth_accounts
net_version
eth_accounts
net_version
eth_accounts
net_version
eth_accounts
eth_getBlockByNumber
eth_accounts
web3_clientVersion
web3_clientVersion
eth_getBlockByNumber
eth_accounts
web3_clientVersion
eth_getBlockByNumber
eth_accounts
net_version
eth_accounts
net_version
eth_accounts
net_version
Ganache CLI v6.1.4 (ganache-core: 2.1.3)

Available Accounts
==================
(0) 0xa89efed3025c88704ffb994a58303be3f7e23871
(1) 0xc005807bce317a4acbaeccdbb1cba8143e0fad8b
(2) 0xff5a6663ccdf8ebe19245ea714df38a05d519fd1
(3) 0xfec075a877496ca3f5d99e1f4991beec264aad98
(4) 0x6d5d5b0c39737e57b2797e5b5134c4ed02946ab4
(5) 0x83f7e39b29c3fd97860213a2ead185ca17d59b7d
(6) 0x5a0c5a2761e1427618cf07d617e7645b14d615a4
(7) 0x5261f79cf41380cbe71aa8da181ceb7e80b20f40
(8) 0x6cbfad779674e0614565641c2c0f032280dc7b71
(9) 0x6f8b2b9ce427ba80d4f30af6f31bcbbc7009f909

Private Keys
==================
(0) 741275d470c1cb4e0633114c340954c3becd8da2adf1a003335eb99ac870f54a
(1) 0c80c9d0a3ee8299bdc60e6a87e4ceb3f253bcc01f6c010a96dc0e1b64c7ee88
(2) ab6faced68b8f546055049b9792f9499261e92ebbc4fbd840c4fa88571839a9d
(3) 90bcc0523cbda5f7bfe7f493b639c046ac1ca346f194b0998cd3ad73d428aa35
(4) 954731ffed2ceccf9eb7bb65cbd91d944e1458c17882de08def2543fadcee541
(5) c0ff2ac54b9c29b46fd2f88524dbd5d58ce0a1c0fe51565978a9259f91ccb954
(6) 6222c0cbee48c6e2624f167b3e5b7beb3242b1745ae7af389f1819978464b042
(7) 82db32a5911f714eee5f9c22ee211e18a1bfb0e3807d5ac05824d3ec195c091f
(8) 676ecb0aebeebac5fe86dde17fea182028fca5cdb26fe5b1f3a22e2272e800f4
(9) 6b4903c7f1f724aa800a4d2ef9e2b90c19fcd87adae48892bbdbfce9d4b14352

HD Wallet
==================
Mnemonic:      silent sing stereo theory ten maximum amount expect budget bridge nose interest
Base HD Path:  m/44'/60'/0'/0/{account_index}

Gas Price
==================
20000000000

Gas Limit
==================
6721975

Listening on 10.154.45.27:8545
net_version
eth_accounts
eth_accounts
net_version
net_version
eth_sendTransaction

  Transaction: 0x7e9df65c69c38dc7d35ace2a0c961496334fac87a152f705be2daad2e90767a3
  Contract created: 0xa433d227f8094a84732e31bdbda12f0d13e95d83
  Gas usage: 277462
  Block Number: 1
  Block Time: Wed Jul 11 2018 06:43:01 GMT+0800 (China Standard Time)

eth_newBlockFilter
eth_getFilterChanges
eth_getTransactionReceipt
eth_getCode
eth_uninstallFilter
eth_sendTransaction

  Transaction: 0xe731b1cb919a307866211c6e339e6735c4f09c6fe55f1cf1f4bf1e6108cd35f6
  Gas usage: 42008
  Block Number: 2
  Block Time: Wed Jul 11 2018 06:43:02 GMT+0800 (China Standard Time)

eth_getTransactionReceipt
eth_accounts
net_version
net_version
eth_sendTransaction

  Transaction: 0x5dcd1fd88349c0ca953e2208e5ae2f90440d11a543a6abd8c375fca7db35a943
  Contract created: 0xe07feec07d1ed3d6bafc51cdcc3e12a99c21b76b
  Gas usage: 252079
  Block Number: 3
  Block Time: Wed Jul 11 2018 06:43:02 GMT+0800 (China Standard Time)

eth_newBlockFilter
eth_getFilterChanges
eth_getTransactionReceipt
eth_getCode
eth_uninstallFilter
net_version
net_version
eth_sendTransaction

  Transaction: 0x4aa5917f6851c67a725a462583d13fce14b23f0227f3f56fa93b7f1536c0eede
  Contract created: 0x263b4f4abc3676f1b900813ffef28e287c0d074f
  Gas usage: 74748
  Block Number: 4
  Block Time: Wed Jul 11 2018 06:43:02 GMT+0800 (China Standard Time)

eth_newBlockFilter
eth_getFilterChanges
eth_getTransactionReceipt
eth_getCode
eth_uninstallFilter
net_version
net_version
eth_sendTransaction

  Transaction: 0xf6ab731864291c95078ba3b69c26c97d6bc66d80ac3a78b53fc1ab9d79d8414c
  Contract created: 0x7068c0c7736c0b2dd20e29708fde294fca685baa
  Gas usage: 1813242
  Block Number: 5
  Block Time: Wed Jul 11 2018 06:43:02 GMT+0800 (China Standard Time)

eth_newBlockFilter
eth_getFilterChanges
eth_getTransactionReceipt
eth_getCode
eth_uninstallFilter
eth_sendTransaction

  Transaction: 0xb6bd839d71aa99b62d5e94d777203d12d8f0f011ab851b27baefb22d870d81cd
  Gas usage: 27008
  Block Number: 6
  Block Time: Wed Jul 11 2018 06:43:02 GMT+0800 (China Standard Time)

eth_getTransactionReceipt
eth_accounts
net_version
eth_call
eth_call
eth_call
eth_call
eth_call
eth_call
eth_call
eth_call
eth_call
eth_call
eth_call
eth_call
eth_call
eth_getBlockByNumber
eth_accounts
net_version
eth_accounts
net_version
eth_accounts
net_version
eth_getBlockByNumber
eth_accounts
web3_clientVersion
eth_accounts
net_version
eth_accounts
eth_accounts
eth_call
eth_call
eth_call
eth_sendTransaction

  Transaction: 0x480f0ef47c39e404b01eff8897df00395f07f68dfe65475b62f0aaddf0644c40
  Gas usage: 152684
  Block Number: 7
  Block Time: Wed Jul 11 2018 07:15:35 GMT+0800 (China Standard Time)

eth_getTransactionReceipt
eth_call
eth_sendTransaction

  Transaction: 0x3d5d3fccb8be8edb23aadbd49d212ad1aff109dbf0c7796d6bd91d79a221dcc5
  Gas usage: 23452
  Block Number: 8
  Block Time: Wed Jul 11 2018 07:15:44 GMT+0800 (China Standard Time)

eth_getTransactionReceipt
eth_call
eth_call
eth_call
eth_accounts
net_version
eth_call
eth_call
eth_call
eth_call
eth_call
eth_call
eth_sendTransaction

  Transaction: 0x7c6eac859454b0ebbcb472f826a693f7b7aed382c8a79394d3994f2c20b154c2
  Gas usage: 37054
  Block Number: 9
  Block Time: Wed Jul 11 2018 07:17:43 GMT+0800 (China Standard Time)

eth_getTransactionReceipt
eth_call
eth_call
eth_call
eth_call
eth_sendTransaction

  Transaction: 0x9520a14b9f4d03646113b20a14d2651de1a21eadd1ced9c433c7c95c736b8e99
  Gas usage: 37054
  Block Number: 10
  Block Time: Wed Jul 11 2018 07:18:10 GMT+0800 (China Standard Time)

eth_getTransactionReceipt
eth_call
eth_call
eth_call
eth_call
eth_getBlockByNumber
eth_accounts
net_version
eth_accounts
net_version
eth_accounts
net_version
